Analysis & Synthesis report for UkladLicznikGeneral
Tue May 23 15:43:35 2023
Quartus Prime Version 22.1std.1 Build 917 02/14/2023 SC Lite Edition


---------------------
; Table of Contents ;
---------------------
  1. Legal Notice
  2. Analysis & Synthesis Summary
  3. Analysis & Synthesis Settings
  4. Parallel Compilation
  5. Analysis & Synthesis Source Files Read
  6. Analysis & Synthesis Resource Usage Summary
  7. Analysis & Synthesis Resource Utilization by Entity
  8. General Register Statistics
  9. Multiplexer Restructuring Statistics (Restructuring Performed)
 10. Parameter Settings for User Entity Instance: UkladLicznik:inst
 11. Parameter Settings for User Entity Instance: UkladLicznik:inst|Counter:COUNTER
 12. Parameter Settings for Inferred Entity Instance: UkladLicznik:inst|Counter:COUNTER|lpm_divide:Mod0
 13. Post-Synthesis Netlist Statistics for Top Partition
 14. Elapsed Time Per Partition
 15. Analysis & Synthesis Messages



----------------
; Legal Notice ;
----------------
Copyright (C) 2023  Intel Corporation. All rights reserved.
Your use of Intel Corporation's design tools, logic functions 
and other software and tools, and any partner logic 
functions, and any output files from any of the foregoing 
(including device programming or simulation files), and any 
associated documentation or information are expressly subject 
to the terms and conditions of the Intel Program License 
Subscription Agreement, the Intel Quartus Prime License Agreement,
the Intel FPGA IP License Agreement, or other applicable license
agreement, including, without limitation, that your use is for
the sole purpose of programming logic devices manufactured by
Intel and sold by Intel or its authorized distributors.  Please
refer to the applicable agreement for further details, at
https://fpgasoftware.intel.com/eula.



+-------------------------------------------------------------------------------------+
; Analysis & Synthesis Summary                                                        ;
+------------------------------------+------------------------------------------------+
; Analysis & Synthesis Status        ; Successful - Tue May 23 15:43:35 2023          ;
; Quartus Prime Version              ; 22.1std.1 Build 917 02/14/2023 SC Lite Edition ;
; Revision Name                      ; UkladLicznikGeneral                            ;
; Top-level Entity Name              ; UkladLicznikGeneral                            ;
; Family                             ; MAX 10                                         ;
; Total logic elements               ; 102                                            ;
;     Total combinational functions  ; 102                                            ;
;     Dedicated logic registers      ; 41                                             ;
; Total registers                    ; 41                                             ;
; Total pins                         ; 24                                             ;
; Total virtual pins                 ; 0                                              ;
; Total memory bits                  ; 0                                              ;
; Embedded Multiplier 9-bit elements ; 0                                              ;
; Total PLLs                         ; 0                                              ;
; UFM blocks                         ; 0                                              ;
; ADC blocks                         ; 0                                              ;
+------------------------------------+------------------------------------------------+


+--------------------------------------------------------------------------------------------------------------+
; Analysis & Synthesis Settings                                                                                ;
+------------------------------------------------------------------+---------------------+---------------------+
; Option                                                           ; Setting             ; Default Value       ;
+------------------------------------------------------------------+---------------------+---------------------+
; Device                                                           ; 10M50DAF484C7G      ;                     ;
; Top-level entity name                                            ; UkladLicznikGeneral ; UkladLicznikGeneral ;
; Family name                                                      ; MAX 10              ; Cyclone V           ;
; Use smart compilation                                            ; Off                 ; Off                 ;
; Enable parallel Assembler and Timing Analyzer during compilation ; On                  ; On                  ;
; Enable compact report table                                      ; Off                 ; Off                 ;
; Restructure Multiplexers                                         ; Auto                ; Auto                ;
; Create Debugging Nodes for IP Cores                              ; Off                 ; Off                 ;
; Preserve fewer node names                                        ; On                  ; On                  ;
; Intel FPGA IP Evaluation Mode                                    ; Enable              ; Enable              ;
; Verilog Version                                                  ; Verilog_2001        ; Verilog_2001        ;
; VHDL Version                                                     ; VHDL_1993           ; VHDL_1993           ;
; State Machine Processing                                         ; Auto                ; Auto                ;
; Safe State Machine                                               ; Off                 ; Off                 ;
; Extract Verilog State Machines                                   ; On                  ; On                  ;
; Extract VHDL State Machines                                      ; On                  ; On                  ;
; Ignore Verilog initial constructs                                ; Off                 ; Off                 ;
; Iteration limit for constant Verilog loops                       ; 5000                ; 5000                ;
; Iteration limit for non-constant Verilog loops                   ; 250                 ; 250                 ;
; Add Pass-Through Logic to Inferred RAMs                          ; On                  ; On                  ;
; Infer RAMs from Raw Logic                                        ; On                  ; On                  ;
; Parallel Synthesis                                               ; On                  ; On                  ;
; DSP Block Balancing                                              ; Auto                ; Auto                ;
; NOT Gate Push-Back                                               ; On                  ; On                  ;
; Power-Up Don't Care                                              ; On                  ; On                  ;
; Remove Redundant Logic Cells                                     ; Off                 ; Off                 ;
; Remove Duplicate Registers                                       ; On                  ; On                  ;
; Ignore CARRY Buffers                                             ; Off                 ; Off                 ;
; Ignore CASCADE Buffers                                           ; Off                 ; Off                 ;
; Ignore GLOBAL Buffers                                            ; Off                 ; Off                 ;
; Ignore ROW GLOBAL Buffers                                        ; Off                 ; Off                 ;
; Ignore LCELL Buffers                                             ; Off                 ; Off                 ;
; Ignore SOFT Buffers                                              ; On                  ; On                  ;
; Limit AHDL Integers to 32 Bits                                   ; Off                 ; Off                 ;
; Optimization Technique                                           ; Balanced            ; Balanced            ;
; Carry Chain Length                                               ; 70                  ; 70                  ;
; Auto Carry Chains                                                ; On                  ; On                  ;
; Auto Open-Drain Pins                                             ; On                  ; On                  ;
; Perform WYSIWYG Primitive Resynthesis                            ; Off                 ; Off                 ;
; Auto ROM Replacement                                             ; On                  ; On                  ;
; Auto RAM Replacement                                             ; On                  ; On                  ;
; Auto DSP Block Replacement                                       ; On                  ; On                  ;
; Auto Shift Register Replacement                                  ; Auto                ; Auto                ;
; Allow Shift Register Merging across Hierarchies                  ; Auto                ; Auto                ;
; Auto Clock Enable Replacement                                    ; On                  ; On                  ;
; Strict RAM Replacement                                           ; Off                 ; Off                 ;
; Allow Synchronous Control Signals                                ; On                  ; On                  ;
; Force Use of Synchronous Clear Signals                           ; Off                 ; Off                 ;
; Auto RAM Block Balancing                                         ; On                  ; On                  ;
; Auto RAM to Logic Cell Conversion                                ; Off                 ; Off                 ;
; Auto Resource Sharing                                            ; Off                 ; Off                 ;
; Allow Any RAM Size For Recognition                               ; Off                 ; Off                 ;
; Allow Any ROM Size For Recognition                               ; Off                 ; Off                 ;
; Allow Any Shift Register Size For Recognition                    ; Off                 ; Off                 ;
; Use LogicLock Constraints during Resource Balancing              ; On                  ; On                  ;
; Ignore translate_off and synthesis_off directives                ; Off                 ; Off                 ;
; Timing-Driven Synthesis                                          ; On                  ; On                  ;
; Report Parameter Settings                                        ; On                  ; On                  ;
; Report Source Assignments                                        ; On                  ; On                  ;
; Report Connectivity Checks                                       ; On                  ; On                  ;
; Ignore Maximum Fan-Out Assignments                               ; Off                 ; Off                 ;
; Synchronization Register Chain Length                            ; 2                   ; 2                   ;
; Power Optimization During Synthesis                              ; Normal compilation  ; Normal compilation  ;
; HDL message level                                                ; Level2              ; Level2              ;
; Suppress Register Optimization Related Messages                  ; Off                 ; Off                 ;
; Number of Removed Registers Reported in Synthesis Report         ; 5000                ; 5000                ;
; Number of Swept Nodes Reported in Synthesis Report               ; 5000                ; 5000                ;
; Number of Inverted Registers Reported in Synthesis Report        ; 100                 ; 100                 ;
; Clock MUX Protection                                             ; On                  ; On                  ;
; Auto Gated Clock Conversion                                      ; Off                 ; Off                 ;
; Block Design Naming                                              ; Auto                ; Auto                ;
; SDC constraint protection                                        ; Off                 ; Off                 ;
; Synthesis Effort                                                 ; Auto                ; Auto                ;
; Shift Register Replacement - Allow Asynchronous Clear Signal     ; On                  ; On                  ;
; Pre-Mapping Resynthesis Optimization                             ; Off                 ; Off                 ;
; Analysis & Synthesis Message Level                               ; Medium              ; Medium              ;
; Disable Register Merging Across Hierarchies                      ; Auto                ; Auto                ;
; Resource Aware Inference For Block RAM                           ; On                  ; On                  ;
+------------------------------------------------------------------+---------------------+---------------------+


+------------------------------------------+
; Parallel Compilation                     ;
+----------------------------+-------------+
; Processors                 ; Number      ;
+----------------------------+-------------+
; Number detected on machine ; 12          ;
; Maximum allowed            ; 12          ;
;                            ;             ;
; Average used               ; 1.00        ;
; Maximum used               ; 12          ;
;                            ;             ;
; Usage by Processor         ; % Time Used ;
;     Processor 1            ; 100.0%      ;
;     Processor 2            ;   0.0%      ;
;     Processors 3-12        ;   0.0%      ;
+----------------------------+-------------+


+-------------------------------------------------------------------------------------------------------------------------------------------------------------------------------------+
; Analysis & Synthesis Source Files Read                                                                                                                                              ;
+----------------------------------+-----------------+------------------------------------+---------------------------------------------------------------------------------+---------+
; File Name with User-Entered Path ; Used in Netlist ; File Type                          ; File Name with Absolute Path                                                    ; Library ;
+----------------------------------+-----------------+------------------------------------+---------------------------------------------------------------------------------+---------+
; UserInput.v                      ; yes             ; User Verilog HDL File              ; /root/fpga/ProjektSekwencyjny/quartus/UserInput.v                               ;         ;
; Decoder.v                        ; yes             ; User Verilog HDL File              ; /root/fpga/ProjektSekwencyjny/quartus/Decoder.v                                 ;         ;
; Counter.v                        ; yes             ; User Verilog HDL File              ; /root/fpga/ProjektSekwencyjny/quartus/Counter.v                                 ;         ;
; UkladLicznik.v                   ; yes             ; User Verilog HDL File              ; /root/fpga/ProjektSekwencyjny/quartus/UkladLicznik.v                            ;         ;
; UkladLicznikGeneral.bdf          ; yes             ; User Block Diagram/Schematic File  ; /root/fpga/ProjektSekwencyjny/quartus/UkladLicznikGeneral.bdf                   ;         ;
; lpm_divide.tdf                   ; yes             ; Megafunction                       ; /opt/intelFPGA_lite/22.1std/quartus/libraries/megafunctions/lpm_divide.tdf      ;         ;
; abs_divider.inc                  ; yes             ; Megafunction                       ; /opt/intelFPGA_lite/22.1std/quartus/libraries/megafunctions/abs_divider.inc     ;         ;
; sign_div_unsign.inc              ; yes             ; Megafunction                       ; /opt/intelFPGA_lite/22.1std/quartus/libraries/megafunctions/sign_div_unsign.inc ;         ;
; aglobal221.inc                   ; yes             ; Megafunction                       ; /opt/intelFPGA_lite/22.1std/quartus/libraries/megafunctions/aglobal221.inc      ;         ;
; db/lpm_divide_8kl.tdf            ; yes             ; Auto-Generated Megafunction        ; /root/fpga/ProjektSekwencyjny/quartus/db/lpm_divide_8kl.tdf                     ;         ;
; db/sign_div_unsign_7kh.tdf       ; yes             ; Auto-Generated Megafunction        ; /root/fpga/ProjektSekwencyjny/quartus/db/sign_div_unsign_7kh.tdf                ;         ;
; db/alt_u_div_oee.tdf             ; yes             ; Auto-Generated Megafunction        ; /root/fpga/ProjektSekwencyjny/quartus/db/alt_u_div_oee.tdf                      ;         ;
; db/add_sub_t3c.tdf               ; yes             ; Auto-Generated Megafunction        ; /root/fpga/ProjektSekwencyjny/quartus/db/add_sub_t3c.tdf                        ;         ;
; db/add_sub_u3c.tdf               ; yes             ; Auto-Generated Megafunction        ; /root/fpga/ProjektSekwencyjny/quartus/db/add_sub_u3c.tdf                        ;         ;
+----------------------------------+-----------------+------------------------------------+---------------------------------------------------------------------------------+---------+


+---------------------------------------------------------------+
; Analysis & Synthesis Resource Usage Summary                   ;
+---------------------------------------------+-----------------+
; Resource                                    ; Usage           ;
+---------------------------------------------+-----------------+
; Estimated Total logic elements              ; 102             ;
;                                             ;                 ;
; Total combinational functions               ; 102             ;
; Logic element usage by number of LUT inputs ;                 ;
;     -- 4 input functions                    ; 38              ;
;     -- 3 input functions                    ; 23              ;
;     -- <=2 input functions                  ; 41              ;
;                                             ;                 ;
; Logic elements by mode                      ;                 ;
;     -- normal mode                          ; 67              ;
;     -- arithmetic mode                      ; 35              ;
;                                             ;                 ;
; Total registers                             ; 41              ;
;     -- Dedicated logic registers            ; 41              ;
;     -- I/O registers                        ; 0               ;
;                                             ;                 ;
; I/O pins                                    ; 24              ;
;                                             ;                 ;
; Embedded Multiplier 9-bit elements          ; 0               ;
;                                             ;                 ;
; Maximum fan-out node                        ; osc_clock~input ;
; Maximum fan-out                             ; 33              ;
; Total fan-out                               ; 428             ;
; Average fan-out                             ; 2.24            ;
+---------------------------------------------+-----------------+


+-------------------------------------------------------------------------------------------------------------------------------------------------------------------------------------------------------------------------------------------------------------------------------------------------------------------------------------------------------------------------------------------------+
; Analysis & Synthesis Resource Utilization by Entity                                                                                                                                                                                                                                                                                                                                             ;
+----------------------------------------------+---------------------+---------------------------+-------------+------------+--------------+---------+-----------+------+--------------+------------+--------------------------------------------------------------------------------------------------------------------------------------------------------+---------------------+--------------+
; Compilation Hierarchy Node                   ; Combinational ALUTs ; Dedicated Logic Registers ; Memory Bits ; UFM Blocks ; DSP Elements ; DSP 9x9 ; DSP 18x18 ; Pins ; Virtual Pins ; ADC blocks ; Full Hierarchy Name                                                                                                                                    ; Entity Name         ; Library Name ;
+----------------------------------------------+---------------------+---------------------------+-------------+------------+--------------+---------+-----------+------+--------------+------------+--------------------------------------------------------------------------------------------------------------------------------------------------------+---------------------+--------------+
; |UkladLicznikGeneral                         ; 102 (0)             ; 41 (0)                    ; 0           ; 0          ; 0            ; 0       ; 0         ; 24   ; 0            ; 0          ; |UkladLicznikGeneral                                                                                                                                   ; UkladLicznikGeneral ; work         ;
;    |UkladLicznik:inst|                       ; 102 (56)            ; 41 (33)                   ; 0           ; 0          ; 0            ; 0       ; 0         ; 0    ; 0            ; 0          ; |UkladLicznikGeneral|UkladLicznik:inst                                                                                                                 ; UkladLicznik        ; work         ;
;       |Counter:COUNTER|                      ; 27 (22)             ; 4 (4)                     ; 0           ; 0          ; 0            ; 0       ; 0         ; 0    ; 0            ; 0          ; |UkladLicznikGeneral|UkladLicznik:inst|Counter:COUNTER                                                                                                 ; Counter             ; work         ;
;          |lpm_divide:Mod0|                   ; 5 (0)               ; 0 (0)                     ; 0           ; 0          ; 0            ; 0       ; 0         ; 0    ; 0            ; 0          ; |UkladLicznikGeneral|UkladLicznik:inst|Counter:COUNTER|lpm_divide:Mod0                                                                                 ; lpm_divide          ; work         ;
;             |lpm_divide_8kl:auto_generated|  ; 5 (0)               ; 0 (0)                     ; 0           ; 0          ; 0            ; 0       ; 0         ; 0    ; 0            ; 0          ; |UkladLicznikGeneral|UkladLicznik:inst|Counter:COUNTER|lpm_divide:Mod0|lpm_divide_8kl:auto_generated                                                   ; lpm_divide_8kl      ; work         ;
;                |sign_div_unsign_7kh:divider| ; 5 (0)               ; 0 (0)                     ; 0           ; 0          ; 0            ; 0       ; 0         ; 0    ; 0            ; 0          ; |UkladLicznikGeneral|UkladLicznik:inst|Counter:COUNTER|lpm_divide:Mod0|lpm_divide_8kl:auto_generated|sign_div_unsign_7kh:divider                       ; sign_div_unsign_7kh ; work         ;
;                   |alt_u_div_oee:divider|    ; 5 (5)               ; 0 (0)                     ; 0           ; 0          ; 0            ; 0       ; 0         ; 0    ; 0            ; 0          ; |UkladLicznikGeneral|UkladLicznik:inst|Counter:COUNTER|lpm_divide:Mod0|lpm_divide_8kl:auto_generated|sign_div_unsign_7kh:divider|alt_u_div_oee:divider ; alt_u_div_oee       ; work         ;
;       |Decoder:RESULT_DECODER|               ; 7 (7)               ; 0 (0)                     ; 0           ; 0          ; 0            ; 0       ; 0         ; 0    ; 0            ; 0          ; |UkladLicznikGeneral|UkladLicznik:inst|Decoder:RESULT_DECODER                                                                                          ; Decoder             ; work         ;
;       |Decoder:USER_DECODER|                 ; 7 (7)               ; 0 (0)                     ; 0           ; 0          ; 0            ; 0       ; 0         ; 0    ; 0            ; 0          ; |UkladLicznikGeneral|UkladLicznik:inst|Decoder:USER_DECODER                                                                                            ; Decoder             ; work         ;
;       |UserInput:USER_INPUT|                 ; 5 (5)               ; 4 (4)                     ; 0           ; 0          ; 0            ; 0       ; 0         ; 0    ; 0            ; 0          ; |UkladLicznikGeneral|UkladLicznik:inst|UserInput:USER_INPUT                                                                                            ; UserInput           ; work         ;
+----------------------------------------------+---------------------+---------------------------+-------------+------------+--------------+---------+-----------+------+--------------+------------+--------------------------------------------------------------------------------------------------------------------------------------------------------+---------------------+--------------+
Note: For table entries with two numbers listed, the numbers in parentheses indicate the number of resources of the given type used by the specific entity alone. The numbers listed outside of parentheses indicate the total resources of the given type used by the specific entity and all of its sub-entities in the hierarchy.


+------------------------------------------------------+
; General Register Statistics                          ;
+----------------------------------------------+-------+
; Statistic                                    ; Value ;
+----------------------------------------------+-------+
; Total registers                              ; 41    ;
; Number of registers using Synchronous Clear  ; 0     ;
; Number of registers using Synchronous Load   ; 0     ;
; Number of registers using Asynchronous Clear ; 4     ;
; Number of registers using Asynchronous Load  ; 0     ;
; Number of registers using Clock Enable       ; 3     ;
; Number of registers using Preset             ; 0     ;
+----------------------------------------------+-------+


+-------------------------------------------------------------------------------------------------------------------------------------------------------------------------------------+
; Multiplexer Restructuring Statistics (Restructuring Performed)                                                                                                                      ;
+--------------------+-----------+---------------+----------------------+------------------------+------------+-----------------------------------------------------------------------+
; Multiplexer Inputs ; Bus Width ; Baseline Area ; Area if Restructured ; Saving if Restructured ; Registered ; Example Multiplexer Output                                            ;
+--------------------+-----------+---------------+----------------------+------------------------+------------+-----------------------------------------------------------------------+
; 3:1                ; 4 bits    ; 8 LEs         ; 4 LEs                ; 4 LEs                  ; Yes        ; |UkladLicznikGeneral|UkladLicznik:inst|UserInput:USER_INPUT|number[0] ;
; 7:1                ; 3 bits    ; 12 LEs        ; 12 LEs               ; 0 LEs                  ; Yes        ; |UkladLicznikGeneral|UkladLicznik:inst|Counter:COUNTER|value[1]       ;
+--------------------+-----------+---------------+----------------------+------------------------+------------+-----------------------------------------------------------------------+


+----------------------------------------------------------------+
; Parameter Settings for User Entity Instance: UkladLicznik:inst ;
+----------------+-------+---------------------------------------+
; Parameter Name ; Value ; Type                                  ;
+----------------+-------+---------------------------------------+
; N              ; 9     ; Signed Integer                        ;
; WIDTH          ; 4     ; Signed Integer                        ;
+----------------+-------+---------------------------------------+
Note: In order to hide this table in the UI and the text report file, please set the "Show Parameter Settings in Synthesis Report" option in "Analysis and Synthesis Settings -> More Settings" to "Off".


+--------------------------------------------------------------------------------+
; Parameter Settings for User Entity Instance: UkladLicznik:inst|Counter:COUNTER ;
+----------------+-------+-------------------------------------------------------+
; Parameter Name ; Value ; Type                                                  ;
+----------------+-------+-------------------------------------------------------+
; N              ; 9     ; Signed Integer                                        ;
; WIDTH          ; 4     ; Signed Integer                                        ;
+----------------+-------+-------------------------------------------------------+
Note: In order to hide this table in the UI and the text report file, please set the "Show Parameter Settings in Synthesis Report" option in "Analysis and Synthesis Settings -> More Settings" to "Off".


+----------------------------------------------------------------------------------------------------+
; Parameter Settings for Inferred Entity Instance: UkladLicznik:inst|Counter:COUNTER|lpm_divide:Mod0 ;
+------------------------+----------------+----------------------------------------------------------+
; Parameter Name         ; Value          ; Type                                                     ;
+------------------------+----------------+----------------------------------------------------------+
; LPM_WIDTHN             ; 4              ; Untyped                                                  ;
; LPM_WIDTHD             ; 4              ; Untyped                                                  ;
; LPM_NREPRESENTATION    ; UNSIGNED       ; Untyped                                                  ;
; LPM_DREPRESENTATION    ; UNSIGNED       ; Untyped                                                  ;
; LPM_PIPELINE           ; 0              ; Untyped                                                  ;
; LPM_REMAINDERPOSITIVE  ; TRUE           ; Untyped                                                  ;
; MAXIMIZE_SPEED         ; 5              ; Untyped                                                  ;
; CBXI_PARAMETER         ; lpm_divide_8kl ; Untyped                                                  ;
; CARRY_CHAIN            ; MANUAL         ; Untyped                                                  ;
; OPTIMIZE_FOR_SPEED     ; 5              ; Untyped                                                  ;
; AUTO_CARRY_CHAINS      ; ON             ; AUTO_CARRY                                               ;
; IGNORE_CARRY_BUFFERS   ; OFF            ; IGNORE_CARRY                                             ;
; AUTO_CASCADE_CHAINS    ; ON             ; AUTO_CASCADE                                             ;
; IGNORE_CASCADE_BUFFERS ; OFF            ; IGNORE_CASCADE                                           ;
+------------------------+----------------+----------------------------------------------------------+
Note: In order to hide this table in the UI and the text report file, please set the "Show Parameter Settings in Synthesis Report" option in "Analysis and Synthesis Settings -> More Settings" to "Off".


+-----------------------------------------------------+
; Post-Synthesis Netlist Statistics for Top Partition ;
+-----------------------+-----------------------------+
; Type                  ; Count                       ;
+-----------------------+-----------------------------+
; boundary_port         ; 24                          ;
; cycloneiii_ff         ; 41                          ;
;     CLR               ; 1                           ;
;     ENA CLR           ; 3                           ;
;     plain             ; 37                          ;
; cycloneiii_lcell_comb ; 106                         ;
;     arith             ; 35                          ;
;         2 data inputs ; 35                          ;
;     normal            ; 71                          ;
;         0 data inputs ; 2                           ;
;         1 data inputs ; 4                           ;
;         2 data inputs ; 4                           ;
;         3 data inputs ; 23                          ;
;         4 data inputs ; 38                          ;
;                       ;                             ;
; Max LUT depth         ; 4.50                        ;
; Average LUT depth     ; 3.13                        ;
+-----------------------+-----------------------------+


+-------------------------------+
; Elapsed Time Per Partition    ;
+----------------+--------------+
; Partition Name ; Elapsed Time ;
+----------------+--------------+
; Top            ; 00:00:00     ;
+----------------+--------------+


+-------------------------------+
; Analysis & Synthesis Messages ;
+-------------------------------+
Info: *******************************************************************
Info: Running Quartus Prime Analysis & Synthesis
    Info: Version 22.1std.1 Build 917 02/14/2023 SC Lite Edition
    Info: Processing started: Tue May 23 15:43:28 2023
Info: Command: quartus_map --read_settings_files=on --write_settings_files=off UkladLicznikGeneral -c UkladLicznikGeneral
Warning (18236): Number of processors has not been specified which may cause overloading on shared machines.  Set the global assignment NUM_PARALLEL_PROCESSORS in your QSF to an appropriate value for best performance.
Info (20030): Parallel compilation is enabled and will use 12 of the 12 processors detected
Info (12021): Found 1 design units, including 1 entities, in source file UserInput.v
    Info (12023): Found entity 1: UserInput File: /root/fpga/ProjektSekwencyjny/quartus/UserInput.v Line: 1
Info (12021): Found 1 design units, including 1 entities, in source file Decoder.v
    Info (12023): Found entity 1: Decoder File: /root/fpga/ProjektSekwencyjny/quartus/Decoder.v Line: 1
Info (12021): Found 1 design units, including 1 entities, in source file Counter.v
    Info (12023): Found entity 1: Counter File: /root/fpga/ProjektSekwencyjny/quartus/Counter.v Line: 1
Info (12021): Found 1 design units, including 1 entities, in source file UkladLicznik.v
    Info (12023): Found entity 1: UkladLicznik File: /root/fpga/ProjektSekwencyjny/quartus/UkladLicznik.v Line: 1
Info (12021): Found 1 design units, including 1 entities, in source file UkladLicznikGeneral.bdf
    Info (12023): Found entity 1: UkladLicznikGeneral
Info (12021): Found 1 design units, including 1 entities, in source file pll.v
    Info (12023): Found entity 1: pll File: /root/fpga/ProjektSekwencyjny/quartus/pll.v Line: 40
Info (12127): Elaborating entity "UkladLicznikGeneral" for the top level hierarchy
Info (12128): Elaborating entity "UkladLicznik" for hierarchy "UkladLicznik:inst"
Info (12128): Elaborating entity "UserInput" for hierarchy "UkladLicznik:inst|UserInput:USER_INPUT" File: /root/fpga/ProjektSekwencyjny/quartus/UkladLicznik.v Line: 34
Info (12128): Elaborating entity "Decoder" for hierarchy "UkladLicznik:inst|Decoder:USER_DECODER" File: /root/fpga/ProjektSekwencyjny/quartus/UkladLicznik.v Line: 46
Info (12128): Elaborating entity "Counter" for hierarchy "UkladLicznik:inst|Counter:COUNTER" File: /root/fpga/ProjektSekwencyjny/quartus/UkladLicznik.v Line: 58
Warning (10230): Verilog HDL assignment warning at Counter.v(29): truncated value with size 32 to match size of target (4) File: /root/fpga/ProjektSekwencyjny/quartus/Counter.v Line: 29
Warning (10230): Verilog HDL assignment warning at Counter.v(41): truncated value with size 32 to match size of target (4) File: /root/fpga/ProjektSekwencyjny/quartus/Counter.v Line: 41
Warning (10230): Verilog HDL assignment warning at Counter.v(44): truncated value with size 32 to match size of target (4) File: /root/fpga/ProjektSekwencyjny/quartus/Counter.v Line: 44
Info (278001): Inferred 1 megafunctions from design logic
    Info (278004): Inferred divider/modulo megafunction ("lpm_divide") from the following logic: "UkladLicznik:inst|Counter:COUNTER|Mod0" File: /root/fpga/ProjektSekwencyjny/quartus/Counter.v Line: 29
Info (12130): Elaborated megafunction instantiation "UkladLicznik:inst|Counter:COUNTER|lpm_divide:Mod0" File: /root/fpga/ProjektSekwencyjny/quartus/Counter.v Line: 29
Info (12133): Instantiated megafunction "UkladLicznik:inst|Counter:COUNTER|lpm_divide:Mod0" with the following parameter: File: /root/fpga/ProjektSekwencyjny/quartus/Counter.v Line: 29
    Info (12134): Parameter "LPM_WIDTHN" = "4"
    Info (12134): Parameter "LPM_WIDTHD" = "4"
    Info (12134): Parameter "LPM_NREPRESENTATION" = "UNSIGNED"
    Info (12134): Parameter "LPM_DREPRESENTATION" = "UNSIGNED"
Info (12021): Found 1 design units, including 1 entities, in source file db/lpm_divide_8kl.tdf
    Info (12023): Found entity 1: lpm_divide_8kl File: /root/fpga/ProjektSekwencyjny/quartus/db/lpm_divide_8kl.tdf Line: 25
Info (12021): Found 1 design units, including 1 entities, in source file db/sign_div_unsign_7kh.tdf
    Info (12023): Found entity 1: sign_div_unsign_7kh File: /root/fpga/ProjektSekwencyjny/quartus/db/sign_div_unsign_7kh.tdf Line: 25
Info (12021): Found 1 design units, including 1 entities, in source file db/alt_u_div_oee.tdf
    Info (12023): Found entity 1: alt_u_div_oee File: /root/fpga/ProjektSekwencyjny/quartus/db/alt_u_div_oee.tdf Line: 27
Info (12021): Found 1 design units, including 1 entities, in source file db/add_sub_t3c.tdf
    Info (12023): Found entity 1: add_sub_t3c File: /root/fpga/ProjektSekwencyjny/quartus/db/add_sub_t3c.tdf Line: 23
Info (12021): Found 1 design units, including 1 entities, in source file db/add_sub_u3c.tdf
    Info (12023): Found entity 1: add_sub_u3c File: /root/fpga/ProjektSekwencyjny/quartus/db/add_sub_u3c.tdf Line: 23
Warning (13024): Output pins are stuck at VCC or GND
    Warning (13410): Pin "seg7in[7]" is stuck at VCC
    Warning (13410): Pin "seg7out[7]" is stuck at VCC
Info (286030): Timing-Driven Synthesis is running
Info (16010): Generating hard_block partition "hard_block:auto_generated_inst"
    Info (16011): Adding 0 node(s), including 0 DDIO, 0 PLL, 0 transceiver and 0 LCELL
Info (21057): Implemented 126 device resources after synthesis - the final resource count might be different
    Info (21058): Implemented 7 input pins
    Info (21059): Implemented 17 output pins
    Info (21061): Implemented 102 logic cells
Info: Quartus Prime Analysis & Synthesis was successful. 0 errors, 7 warnings
    Info: Peak virtual memory: 496 megabytes
    Info: Processing ended: Tue May 23 15:43:35 2023
    Info: Elapsed time: 00:00:07
    Info: Total CPU time (on all processors): 00:00:18


